<?xml version="1.0" encoding="UTF-8"?>
<testsuite name="CreateUsersUsingList" tests="1" skipped="0" failures="0" errors="0" timestamp="2024-01-12T16:43:51" hostname="Codemens-Mac-mini.local" time="3.561">
  <properties/>
  <testcase name="createUserList" classname="CreateUsersUsingList" time="3.561"/>
  <system-out><![CDATA[{
    "code": 200,
    "type": "unknown",
    "message": "ok"
}
API Message: ok
]]></system-out>
  <system-err><![CDATA[]]></system-err>
</testsuite>
